<?xml version="1.0" encoding="UTF-8"?>
<!-- Generated by org.testng.reporters.JUnitXMLReporter -->
<testsuite ignored="0" hostname="VENOM" failures="0" tests="2" name="RegressionTests" time="13.85" errors="0" timestamp="2025-06-17T00:12:45 IST">
  <testcase classname="pagestest.LoginExceldataprovider" name="Login_test_with_Invalid_data_test" time="1.209"/>
  <testcase classname="pagestest.LoginExceldataprovider" name="Login_test_with_valid_data_test" time="5.351"/>
</testsuite> <!-- RegressionTests -->
