<?xml version="1.0" encoding="UTF-8"?>
<!-- Generated by org.testng.reporters.JUnitXMLReporter -->
<testsuite ignored="1" hostname="VENOM" failures="0" tests="1" name="SmokeTests" time="11.825" errors="0" timestamp="2025-06-17T00:12:12 IST">
  <testcase classname="pagestest.LoginExceldataprovider" name="Login_test_with_valid_data_test" time="3.883"/>
  <testcase classname="pagestest.LoginExceldataprovider" name="Login_test_with_Invalid_data_test" time="0.0">
    <ignored/>
  </testcase> <!-- Login_test_with_Invalid_data_test -->
</testsuite> <!-- SmokeTests -->
