<?xml version="1.0" encoding="UTF-8"?>
<!-- Generated by org.testng.reporters.JUnitXMLReporter -->
<testsuite ignored="4" hostname="VENOM" failures="0" tests="6" name="Functional Tests" time="52.312" errors="0" timestamp="2025-06-17T12:19:21 IST">
  <testcase classname="pagestest.Login" name="Login_test_with_Invalid_data_test" time="6.092"/>
  <testcase classname="pagestest.Login" name="Login_test_with_valid_data_test" time="4.124"/>
  <testcase classname="pagestest.LoginExceldataprovider" name="Login_test_with_Invalid_data_test" time="0.989"/>
  <testcase classname="pagestest.LoginExceldataprovider" name="Login_test_with_valid_data_test" time="5.847"/>
  <testcase classname="pagestest.LoginJson" name="Login_test_with_Invalid_data_test" time="7.949"/>
  <testcase classname="pagestest.LoginJson" name="Login_test_with_valid_data_test" time="3.887"/>
  <testcase classname="utils.ReportUtils" name="@BeforeTest Set_Up_Report" time="0.0">
    <ignored/>
  </testcase> <!-- @BeforeTest Set_Up_Report -->
  <testcase classname="utils.ReportUtils" name="@BeforeTest Set_Up_Report" time="0.0">
    <ignored/>
  </testcase> <!-- @BeforeTest Set_Up_Report -->
  <testcase classname="utils.ReportUtils" name="@AfterTest End_Test" time="0.0">
    <ignored/>
  </testcase> <!-- @AfterTest End_Test -->
  <testcase classname="utils.ReportUtils" name="@AfterTest End_Test" time="0.0">
    <ignored/>
  </testcase> <!-- @AfterTest End_Test -->
</testsuite> <!-- Functional Tests -->
