<?xml version="1.0" encoding="UTF-8"?>
<!-- Generated by org.testng.reporters.JUnitReportReporter -->
<testsuite hostname="VENOM" failures="0" tests="2" name="pagestest.LoginExceldataprovider" time="6.836" errors="0" timestamp="2025-06-17T12:19:21 IST" skipped="0">
  <testcase classname="pagestest.LoginExceldataprovider" name="Login_test_with_Invalid_data_test" time="0.989"/>
  <testcase classname="pagestest.LoginExceldataprovider" name="Login_test_with_valid_data_test" time="5.847"/>
</testsuite> <!-- pagestest.LoginExceldataprovider -->
